<?xml version="1.0" encoding="UTF-8"?>
<!-- Generated by org.testng.reporters.JUnitReportReporter -->
<testsuite skipped="0" hostname="Prashant" name="com.uiFramework.companyName.projectName.testScripts.TestScreenShot" tests="1" failures="0" timestamp="18 Mar 2019 05:52:00 GMT" time="2.884" errors="0">
  <testcase name="testScreen" time="2.884" classname="com.uiFramework.companyName.projectName.testScripts.TestScreenShot"/>
</testsuite> <!-- com.uiFramework.companyName.projectName.testScripts.TestScreenShot -->
