<?xml version="1.0" encoding="UTF-8"?>
<!-- Generated by org.testng.reporters.JUnitReportReporter -->
<testsuite skipped="0" hostname="Prashant" name="com.uiFramework.companyName.projectName.testScripts.loginPage.LoginTest" tests="1" failures="0" timestamp="01 Apr 2019 06:16:59 GMT" time="18.171" errors="0">
  <testcase name="testLoginToApplication" time="18.171" classname="com.uiFramework.companyName.projectName.testScripts.loginPage.LoginTest"/>
</testsuite> <!-- com.uiFramework.companyName.projectName.testScripts.loginPage.LoginTest -->
