<?xml version="1.0" encoding="UTF-8"?>
<!-- Generated by org.testng.reporters.JUnitReportReporter -->
<testsuite skipped="1" hostname="Prashant" name="com.uiFramework.companyName.projectName.testScripts.loginPage.LoginTestWithDataDrivenApproach" tests="3" failures="0" timestamp="03 Apr 2019 05:34:14 GMT" time="21.086" errors="0">
  <testcase name="loginTest" time="12.420" classname="com.uiFramework.companyName.projectName.testScripts.loginPage.LoginTestWithDataDrivenApproach"/>
  <testcase name="loginTest" time="8.531" classname="com.uiFramework.companyName.projectName.testScripts.loginPage.LoginTestWithDataDrivenApproach"/>
  <testcase name="loginTest" time="0.135" classname="com.uiFramework.companyName.projectName.testScripts.loginPage.LoginTestWithDataDrivenApproach">
    <skipped/>
  </testcase> <!-- loginTest -->
</testsuite> <!-- com.uiFramework.companyName.projectName.testScripts.loginPage.LoginTestWithDataDrivenApproach -->
