<?xml version="1.0" encoding="UTF-8"?>
<!-- Generated by org.testng.reporters.JUnitReportReporter -->
<testsuite skipped="0" hostname="Prashant" name="com.uiFramework.A" tests="1" failures="0" timestamp="18 Mar 2019 05:52:00 GMT" time="0.719" errors="0">
  <testcase name="testLoginA" time="0.719" classname="com.uiFramework.A"/>
</testsuite> <!-- com.uiFramework.A -->
