<?xml version="1.0" encoding="UTF-8"?>
<!-- Generated by org.testng.reporters.JUnitReportReporter -->
<testsuite skipped="0" hostname="Prashant" name="com.uiFramework.A" tests="1" failures="0" timestamp="06 Apr 2019 12:46:53 GMT" time="1.634" errors="0">
  <testcase name="testLoginA" time="1.634" classname="com.uiFramework.A"/>
</testsuite> <!-- com.uiFramework.A -->
