<?xml version="1.0" encoding="UTF-8"?>
<!-- Generated by org.testng.reporters.JUnitReportReporter -->
<testsuite skipped="0" hostname="Prashant" name="com.uiFramework.companyName.projectName.testScripts.registration.RegistrationTest" tests="1" failures="0" timestamp="23 Apr 2019 12:39:45 GMT" time="37.033" errors="0">
  <testcase name="testLoginToApplication" time="37.033" classname="com.uiFramework.companyName.projectName.testScripts.registration.RegistrationTest"/>
</testsuite> <!-- com.uiFramework.companyName.projectName.testScripts.registration.RegistrationTest -->
