<?xml version="1.0" encoding="UTF-8"?>
<!-- Generated by org.testng.reporters.JUnitReportReporter -->
<testsuite skipped="0" hostname="Prashant" name="com.uiFramework.companyName.projectName.testScripts.TestScreenShot" tests="1" failures="0" timestamp="06 Apr 2019 12:46:53 GMT" time="8.763" errors="0">
  <testcase name="testScreen" time="8.763" classname="com.uiFramework.companyName.projectName.testScripts.TestScreenShot"/>
</testsuite> <!-- com.uiFramework.companyName.projectName.testScripts.TestScreenShot -->
